mode: set
image-combiner/image_combiner.go:57.57,63.47 5 1
image-combiner/image_combiner.go:63.47,64.48 1 1
image-combiner/image_combiner.go:64.48,68.4 3 1
image-combiner/image_combiner.go:70.2,70.13 1 1
image-combiner/image_combiner.go:105.57,117.2 4 1
image-combiner/image_combiner.go:120.61,122.2 1 1
image-combiner/image_combiner.go:125.112,127.16 2 1
image-combiner/image_combiner.go:127.16,129.3 1 0
image-combiner/image_combiner.go:131.2,140.21 3 1
image-combiner/image_combiner.go:144.95,155.2 3 1
image-combiner/image_combiner.go:158.89,169.2 3 1
image-combiner/image_combiner.go:172.57,177.38 4 1
image-combiner/image_combiner.go:177.38,179.3 1 1
image-combiner/image_combiner.go:181.2,181.25 1 1
image-combiner/image_combiner.go:185.54,187.16 2 1
image-combiner/image_combiner.go:187.16,189.3 1 0
image-combiner/image_combiner.go:191.2,191.25 1 1
image-combiner/image_combiner.go:192.11,193.56 1 0
image-combiner/image_combiner.go:194.11,195.35 1 1
image-combiner/image_combiner.go:196.10,197.70 1 0
image-combiner/image_combiner.go:202.52,204.16 2 1
image-combiner/image_combiner.go:204.16,206.3 1 0
image-combiner/image_combiner.go:208.2,209.25 2 1
image-combiner/image_combiner.go:210.11,212.58 2 0
image-combiner/image_combiner.go:212.58,214.4 1 0
image-combiner/image_combiner.go:215.11,216.47 1 1
image-combiner/image_combiner.go:216.47,218.4 1 0
image-combiner/image_combiner.go:219.10,220.75 1 0
image-combiner/image_combiner.go:222.2,222.25 1 1
image-combiner/image_combiner.go:226.50,227.79 1 1
image-combiner/image_combiner.go:227.79,229.17 2 1
image-combiner/image_combiner.go:229.17,231.4 1 0
image-combiner/image_combiner.go:232.3,233.32 2 1
image-combiner/image_combiner.go:236.2,237.16 2 0
image-combiner/image_combiner.go:237.16,239.3 1 0
image-combiner/image_combiner.go:240.2,242.26 2 0
image-combiner/image_combiner.go:246.52,249.2 2 1
image-combiner/image_combiner.go:252.62,263.21 6 1
image-combiner/image_combiner.go:264.14,267.22 2 1
image-combiner/image_combiner.go:268.13,270.20 1 1
image-combiner/image_combiner.go:270.20,273.4 2 1
image-combiner/image_combiner.go:274.14,276.21 1 0
image-combiner/image_combiner.go:276.21,279.4 2 0
image-combiner/image_combiner.go:280.19,283.21 2 1
image-combiner/image_combiner.go:288.2,291.24 2 1
image-combiner/image_combiner.go:291.24,297.21 3 1
image-combiner/image_combiner.go:297.21,299.4 1 0
image-combiner/image_combiner.go:300.3,304.32 3 1
image-combiner/image_combiner.go:304.32,306.4 1 1
image-combiner/image_combiner.go:308.3,311.27 4 1
image-combiner/image_combiner.go:315.2,318.20 2 1
image-combiner/image_combiner.go:318.20,322.3 3 1
image-combiner/image_combiner.go:322.8,324.3 1 1
image-combiner/image_combiner.go:328.43,335.82 2 1
image-combiner/image_combiner.go:335.82,336.81 1 0
image-combiner/image_combiner.go:336.81,337.92 1 0
image-combiner/image_combiner.go:337.92,339.5 1 0
image-combiner/image_combiner.go:344.2,347.25 2 1
image-combiner/image_combiner.go:347.25,349.22 2 0
image-combiner/image_combiner.go:349.22,351.4 1 0
image-combiner/image_combiner.go:353.3,357.27 2 0
image-combiner/image_combiner.go:357.27,361.64 3 0
image-combiner/image_combiner.go:361.64,364.5 2 0
image-combiner/image_combiner.go:364.10,366.5 1 0
image-combiner/image_combiner.go:368.3,368.27 1 0
image-combiner/image_combiner.go:368.27,370.4 1 0
image-combiner/image_combiner.go:373.3,373.58 1 0
image-combiner/image_combiner.go:373.58,375.4 1 0
image-combiner/image_combiner.go:376.8,379.3 1 1
image-combiner/image_combiner.go:381.2,381.57 1 1
image-combiner/image_combiner.go:381.57,383.3 1 0
image-combiner/image_combiner.go:385.2,387.29 2 1
image-combiner/image_combiner.go:387.29,389.23 2 1
image-combiner/image_combiner.go:389.23,391.4 1 1
image-combiner/image_combiner.go:395.2,395.17 1 1
image-combiner/image_combiner.go:399.61,406.82 4 1
image-combiner/image_combiner.go:406.82,407.81 1 0
image-combiner/image_combiner.go:407.81,408.92 1 0
image-combiner/image_combiner.go:408.92,410.5 1 0
image-combiner/image_combiner.go:415.2,415.20 1 1
image-combiner/image_combiner.go:415.20,420.3 3 1
image-combiner/image_combiner.go:420.8,422.26 1 1
image-combiner/image_combiner.go:422.26,425.23 2 1
image-combiner/image_combiner.go:425.23,429.25 2 0
image-combiner/image_combiner.go:429.25,434.6 4 0
image-combiner/image_combiner.go:435.5,435.11 1 0
image-combiner/image_combiner.go:439.4,440.23 2 1
image-combiner/image_combiner.go:440.23,442.5 1 0
image-combiner/image_combiner.go:444.4,448.28 3 1
image-combiner/image_combiner.go:448.28,454.65 3 1
image-combiner/image_combiner.go:454.65,457.6 2 1
image-combiner/image_combiner.go:457.11,459.6 1 1
image-combiner/image_combiner.go:462.4,462.28 1 1
image-combiner/image_combiner.go:462.28,464.5 1 1
image-combiner/image_combiner.go:467.4,467.59 1 1
image-combiner/image_combiner.go:467.59,469.5 1 0
image-combiner/image_combiner.go:472.4,472.31 1 1
image-combiner/image_combiner.go:472.31,477.25 3 1
image-combiner/image_combiner.go:477.25,483.6 5 0
image-combiner/image_combiner.go:485.9,490.24 2 1
image-combiner/image_combiner.go:490.24,496.5 5 1
image-combiner/image_combiner.go:502.66,508.24 4 1
image-combiner/image_combiner.go:508.24,510.3 1 1
image-combiner/image_combiner.go:510.8,512.3 1 1
image-combiner/image_combiner.go:513.2,513.10 1 1
